<?xml version="1.0" encoding="UTF-8"?>
<testng-results ignored="0" total="1" passed="1" failed="0" skipped="0">
  <reporter-output>
  </reporter-output>
  <suite started-at="2023-05-14T14:33:37 IST" name="Default suite" finished-at="2023-05-14T14:34:12 IST" duration-ms="35614">
    <groups>
    </groups>
    <test started-at="2023-05-14T14:33:37 IST" name="Default test" finished-at="2023-05-14T14:34:12 IST" duration-ms="35614">
      <class name="com.testyan.projectTest.CreateProjectWithCompleteStatusUsingFramework1Test">
        <test-method is-config="true" signature="configBeforeSuite()[pri:0, instance:com.testyan.projectTest.CreateProjectWithCompleteStatusUsingFramework1Test@d9345cd]" started-at="2023-05-14T14:33:06 IST" name="configBeforeSuite" finished-at="2023-05-14T14:33:37 IST" duration-ms="30535" status="PASS">
          <reporter-output>
          </reporter-output>
        </test-method> <!-- configBeforeSuite -->
        <test-method signature="createProject()[pri:0, instance:com.testyan.projectTest.CreateProjectWithCompleteStatusUsingFramework1Test@d9345cd]" started-at="2023-05-14T14:33:37 IST" name="createProject" finished-at="2023-05-14T14:34:12 IST" duration-ms="35592" status="PASS">
          <reporter-output>
          </reporter-output>
        </test-method> <!-- createProject -->
        <test-method is-config="true" signature="configAfterSuite()[pri:0, instance:com.testyan.projectTest.CreateProjectWithCompleteStatusUsingFramework1Test@d9345cd]" started-at="2023-05-14T14:34:13 IST" name="configAfterSuite" finished-at="2023-05-14T14:34:13 IST" duration-ms="5" status="PASS">
          <reporter-output>
          </reporter-output>
        </test-method> <!-- configAfterSuite -->
      </class> <!-- com.testyan.projectTest.CreateProjectWithCompleteStatusUsingFramework1Test -->
    </test> <!-- Default test -->
  </suite> <!-- Default suite -->
</testng-results>
